2023-03-10 18:21:00,399 [INFO] Activator:176 - 


2023-03-10 18:21:00,399 [INFO] Activator:177 - !SESSION log4j initialized
2023-03-10 18:21:12,357 [INFO] LogOutputStream:77 - [STDOUT_REDIRECT] 
2023-03-10 18:21:28,854 [ERROR] LogOutputStream:75 - [STDERR_REDIRECT] SLF4J: Failed to load class "org.slf4j.impl.StaticLoggerBinder".
2023-03-10 18:21:28,854 [ERROR] LogOutputStream:75 - [STDERR_REDIRECT] SLF4J: Defaulting to no-operation (NOP) logger implementation
2023-03-10 18:21:28,869 [ERROR] LogOutputStream:75 - [STDERR_REDIRECT] SLF4J: See http://www.slf4j.org/codes.html#StaticLoggerBinder for further details.
2023-03-10 18:28:26,615 [INFO] ApplicationProperties:184 - Using Application install path: C:\ST\STM32CubeIDE_1.11.2\STM32CubeIDE\plugins\com.st.stm32cube.common.mx_6.8.0.202302231600
2023-03-10 18:28:26,740 [INFO] DbMcusXml:78 - Set database path to: C:\ST\STM32CubeIDE_1.11.2\STM32CubeIDE\plugins\com.st.stm32cube.common.mx_6.8.0.202302231600\\db\/mcu/
2023-03-10 18:28:26,740 [INFO] ApiDb:274 - Set plugin database path to: C:\ST\STM32CubeIDE_1.11.2\STM32CubeIDE\plugins\com.st.stm32cube.common.mx_6.8.0.202302231600\\db\/plugins/boardmanager/
2023-03-10 18:28:26,740 [WARN] ApiDb:259 - Overriding images path with different value:  => C:\ST\STM32CubeIDE_1.11.2\STM32CubeIDE\plugins\com.st.stm32cube.common.mx_6.8.0.202302231600\\db\/plugins/mcufinder/images/
2023-03-10 18:28:30,646 [WARN] ApiFinderProperties:113 - C:\Users\khanl\.stmcufinder\plugins\mcufinder\mcu\mcuFinder.mfd doesn't exist
2023-03-10 18:28:30,646 [INFO] ApiDb:250 - Set database path to: C:\Users\khanl\.stmcufinder\plugins\mcufinder//mcu/
2023-03-10 18:28:30,646 [INFO] DbMcusAds:125 - Set database path to: C:\Users\khanl\.stmcufinder\plugins\mcufinder//mcu/
2023-03-10 18:28:30,802 [INFO] CrossReferenceDbSqlite:203 - Set database path to: C:\Users\khanl\.stmcufinder\plugins\mcufinder//mcu/cs/
2023-03-10 18:28:31,974 [INFO] RulesReader:64 - Compatibility file has been processed (293 Rules)
2023-03-10 18:28:34,098 [INFO] DbMcusXml:78 - Set database path to: C:\ST\STM32CubeIDE_1.11.2\STM32CubeIDE\plugins\com.st.stm32cube.common.mx_6.8.0.202302231600\\db\/mcu/
2023-03-10 18:28:34,098 [INFO] ApiDb:274 - Set plugin database path to: C:\ST\STM32CubeIDE_1.11.2\STM32CubeIDE\plugins\com.st.stm32cube.common.mx_6.8.0.202302231600\\db\/plugins/boardmanager/
2023-03-10 18:28:34,098 [INFO] ApiDb:261 - Set plugin images path to: C:\ST\STM32CubeIDE_1.11.2\STM32CubeIDE\plugins\com.st.stm32cube.common.mx_6.8.0.202302231600\\db\/plugins/mcufinder/images/
2023-03-10 18:28:34,114 [WARN] DbFile:41 - Overriding database path with different value: C:\Users\khanl\.stmcufinder\plugins\mcufinder/ => C:\Users\khanl\.stmcufinder\plugins\mcufinder
2023-03-10 18:28:34,114 [INFO] ApiDb:250 - Set database path to: C:\Users\khanl\.stmcufinder\plugins\mcufinder//mcu/
2023-03-10 18:28:34,114 [WARN] DbFile:41 - Overriding database path with different value: C:\Users\khanl\.stmcufinder\plugins\mcufinder/ => C:\Users\khanl\.stmcufinder\plugins\mcufinder
2023-03-10 18:28:34,114 [INFO] DbMcusAds:125 - Set database path to: C:\Users\khanl\.stmcufinder\plugins\mcufinder//mcu/
2023-03-10 18:28:34,114 [WARN] DbFile:41 - Overriding database path with different value: C:\Users\khanl\.stmcufinder\plugins\mcufinder/ => C:\Users\khanl\.stmcufinder\plugins\mcufinder
2023-03-10 18:28:34,114 [WARN] DbFile:41 - Overriding database path with different value: C:\Users\khanl\.stmcufinder\plugins\mcufinder/ => C:\Users\khanl\.stmcufinder\plugins\mcufinder
2023-03-10 18:28:34,114 [INFO] CrossReferenceDbSqlite:203 - Set database path to: C:\Users\khanl\.stmcufinder\plugins\mcufinder//mcu/cs/
2023-03-10 18:28:34,754 [INFO] MainPanel:253 - HeapMemory: 315621376
2023-03-10 18:28:36,722 [INFO] DbMcusXml:78 - Set database path to: C:\ST\STM32CubeIDE_1.11.2\STM32CubeIDE\plugins\com.st.stm32cube.common.mx_6.8.0.202302231600\\db\/mcu/
2023-03-10 18:28:36,722 [INFO] ApiDb:274 - Set plugin database path to: C:\ST\STM32CubeIDE_1.11.2\STM32CubeIDE\plugins\com.st.stm32cube.common.mx_6.8.0.202302231600\\db\/plugins/boardmanager/
2023-03-10 18:28:36,722 [INFO] ApiDb:261 - Set plugin images path to: C:\ST\STM32CubeIDE_1.11.2\STM32CubeIDE\plugins\com.st.stm32cube.common.mx_6.8.0.202302231600\\db\/plugins/mcufinder/images/
2023-03-10 18:28:36,722 [WARN] DbFile:41 - Overriding database path with different value: C:\Users\khanl\.stmcufinder\plugins\mcufinder/ => C:\Users\khanl\.stmcufinder\plugins\mcufinder
2023-03-10 18:28:36,722 [INFO] ApiDb:250 - Set database path to: C:\Users\khanl\.stmcufinder\plugins\mcufinder//mcu/
2023-03-10 18:28:36,722 [WARN] DbFile:41 - Overriding database path with different value: C:\Users\khanl\.stmcufinder\plugins\mcufinder/ => C:\Users\khanl\.stmcufinder\plugins\mcufinder
2023-03-10 18:28:36,722 [INFO] DbMcusAds:125 - Set database path to: C:\Users\khanl\.stmcufinder\plugins\mcufinder//mcu/
2023-03-10 18:28:36,722 [WARN] DbFile:41 - Overriding database path with different value: C:\Users\khanl\.stmcufinder\plugins\mcufinder/ => C:\Users\khanl\.stmcufinder\plugins\mcufinder
2023-03-10 18:28:36,722 [WARN] DbFile:41 - Overriding database path with different value: C:\Users\khanl\.stmcufinder\plugins\mcufinder/ => C:\Users\khanl\.stmcufinder\plugins\mcufinder
2023-03-10 18:28:36,722 [INFO] CrossReferenceDbSqlite:203 - Set database path to: C:\Users\khanl\.stmcufinder\plugins\mcufinder//mcu/cs/
2023-03-10 18:28:36,816 [INFO] ApplicationProperties:184 - Using Application install path: C:\ST\STM32CubeIDE_1.11.2\STM32CubeIDE\plugins\com.st.stm32cube.common.mx_6.8.0.202302231600
2023-03-10 18:28:36,832 [INFO] PluginManage:196 - Search for loadable plugins [exclusion list=, ]
2023-03-10 18:28:36,847 [INFO] PluginManage:310 - Check plugin analytics
2023-03-10 18:28:37,675 [INFO] AnalyticsPlugin:253 - Accepted Software Licenses: 
2023-03-10 18:28:37,675 [INFO] AnalyticsPlugin:255 - Accepted CMSIS Pack Licenses: 
2023-03-10 18:28:37,675 [INFO] AnalyticsPlugin:257 - Accepted Firmware Licenses: 
2023-03-10 18:28:37,722 [INFO] PluginManage:359 - Loaded plugin analytics (category:tool,tabindex:-1)
2023-03-10 18:28:37,722 [INFO] PluginManage:310 - Check plugin cadmodel
2023-03-10 18:28:37,847 [INFO] CADModel:105 - Init CAD model plugin
2023-03-10 18:28:37,847 [INFO] PluginManage:359 - Loaded plugin cadmodel (category:power,tabindex:5)
2023-03-10 18:28:37,847 [INFO] PluginManage:310 - Check plugin clock
2023-03-10 18:28:37,925 [INFO] PluginManage:359 - Loaded plugin clock (category:base,tabindex:2)
2023-03-10 18:28:37,925 [INFO] PluginManage:310 - Check plugin ddr
2023-03-10 18:28:37,972 [INFO] PluginManage:359 - Loaded plugin ddr (category:tool,tabindex:6)
2023-03-10 18:28:37,972 [INFO] PluginManage:310 - Check plugin filemanager
2023-03-10 18:28:38,441 [INFO] PluginManage:359 - Loaded plugin filemanager (category:base,tabindex:10)
2023-03-10 18:28:38,441 [INFO] PluginManage:310 - Check plugin ipmanager
2023-03-10 18:28:38,519 [INFO] PluginManage:359 - Loaded plugin ipmanager (category:base,tabindex:5)
2023-03-10 18:28:38,519 [INFO] PluginManage:310 - Check plugin lpbam
2023-03-10 18:28:38,597 [INFO] PluginManage:359 - Loaded plugin lpbam (category:base,tabindex:0)
2023-03-10 18:28:38,597 [INFO] PluginManage:310 - Check plugin pinoutandconfiguration
2023-03-10 18:28:38,628 [INFO] PluginManage:359 - Loaded plugin pinoutandconfiguration (category:base,tabindex:1)
2023-03-10 18:28:38,628 [INFO] PluginManage:310 - Check plugin pinoutconfig
2023-03-10 18:28:40,065 [WARN] SupportedApi:132 - Cannot load RTOS API schema: s4s-elt-must-match.1: The content of 'definitions' must match (annotation?, (simpleType | complexType)?, (unique | key | keyref)*)). A problem was found starting at: attribute.
2023-03-10 18:28:40,581 [INFO] PluginManage:359 - Loaded plugin pinoutconfig (category:base,tabindex:0)
2023-03-10 18:28:40,581 [INFO] PluginManage:310 - Check plugin power
2023-03-10 18:28:40,768 [INFO] PluginManage:359 - Loaded plugin power (category:power,tabindex:4)
2023-03-10 18:28:40,768 [INFO] PluginManage:310 - Check plugin projectmanager
2023-03-10 18:28:40,815 [INFO] PluginManage:359 - Loaded plugin projectmanager (category:projectmanager,tabindex:3)
2023-03-10 18:28:40,815 [INFO] PluginManage:310 - Check plugin thirdparty
2023-03-10 18:28:41,518 [INFO] PluginManage:359 - Loaded plugin thirdparty (category:base,tabindex:-1)
2023-03-10 18:28:41,518 [WARN] IntegrityCheckThread:84 - waiting for thirdparty lock release [integrity check]
2023-03-10 18:28:41,518 [INFO] PluginManage:310 - Check plugin tools
2023-03-10 18:28:41,518 [INFO] IntegrityCheckThread:86 - entering critical section [integrity check]
2023-03-10 18:28:41,534 [INFO] ThirdPartyUpdaterWithRetryManager:70 - Updater plugin not ready yet. [1/15]
2023-03-10 18:28:41,581 [INFO] PluginManage:359 - Loaded plugin tools (category:base,tabindex:7)
2023-03-10 18:28:41,581 [INFO] PluginManage:310 - Check plugin tutovideos
2023-03-10 18:28:43,289 [INFO] PluginManage:359 - Loaded plugin tutovideos (category:base,tabindex:-1)
2023-03-10 18:28:43,289 [INFO] PluginManage:310 - Check plugin updater
2023-03-10 18:28:43,429 [INFO] PluginManage:359 - Loaded plugin updater (category:base,tabindex:12)
2023-03-10 18:28:43,429 [INFO] PluginManage:283 - PluginManage : Loaded plugins [15]
2023-03-10 18:28:44,539 [INFO] ThirdPartyUpdaterWithRetryManager:70 - Updater plugin not ready yet. [2/15]
2023-03-10 18:28:47,022 [INFO] PinOutPanel:1499 - setPackage(No Configuration,No Configuration)
2023-03-10 18:28:47,319 [INFO] CADModel:165 - CPN selected for project level
2023-03-10 18:28:47,319 [INFO] CADModel:114 - Register for checkConnection events
2023-03-10 18:28:47,554 [INFO] ThirdPartyUpdaterWithRetryManager:70 - Updater plugin not ready yet. [3/15]
2023-03-10 18:28:47,554 [INFO] IPUIPlugin:80 - create IPUIPlugin
2023-03-10 18:28:47,554 [INFO] PluginManager:220 - loadIPPluginJar : add adc
2023-03-10 18:28:47,663 [INFO] IPUIPlugin:80 - create IPUIPlugin
2023-03-10 18:28:47,663 [INFO] PluginManager:220 - loadIPPluginJar : add aes
2023-03-10 18:28:47,725 [INFO] IPUIPlugin:80 - create IPUIPlugin
2023-03-10 18:28:47,725 [INFO] PluginManager:220 - loadIPPluginJar : add can
2023-03-10 18:28:47,741 [INFO] IPUIPlugin:80 - create IPUIPlugin
2023-03-10 18:28:47,741 [INFO] PluginManager:220 - loadIPPluginJar : add comp
2023-03-10 18:28:47,772 [INFO] IPUIPlugin:80 - create IPUIPlugin
2023-03-10 18:28:47,772 [INFO] PluginManager:220 - loadIPPluginJar : add cryp
2023-03-10 18:28:47,835 [INFO] IPUIPlugin:80 - create IPUIPlugin
2023-03-10 18:28:47,835 [INFO] PluginManager:220 - loadIPPluginJar : add dfsdm
2023-03-10 18:28:47,850 [INFO] IPUIPlugin:80 - create IPUIPlugin
2023-03-10 18:28:47,850 [INFO] PluginManager:220 - loadIPPluginJar : add dma
2023-03-10 18:28:47,897 [INFO] IPUIPlugin:80 - create IPUIPlugin
2023-03-10 18:28:47,897 [INFO] PluginManager:220 - loadIPPluginJar : add dma3
2023-03-10 18:28:47,913 [INFO] IPUIPlugin:80 - create IPUIPlugin
2023-03-10 18:28:47,913 [INFO] PluginManager:220 - loadIPPluginJar : add fatfs
2023-03-10 18:28:47,960 [INFO] IPUIPlugin:80 - create IPUIPlugin
2023-03-10 18:28:47,960 [INFO] PluginManager:220 - loadIPPluginJar : add fmc
2023-03-10 18:28:48,038 [INFO] IPUIPlugin:80 - create IPUIPlugin
2023-03-10 18:28:48,053 [INFO] PluginManager:220 - loadIPPluginJar : add freertos
2023-03-10 18:28:48,069 [INFO] IPUIPlugin:80 - create IPUIPlugin
2023-03-10 18:28:48,069 [INFO] PluginManager:220 - loadIPPluginJar : add genericplugin
2023-03-10 18:28:48,147 [INFO] IPUIPlugin:80 - create IPUIPlugin
2023-03-10 18:28:48,147 [INFO] PluginManager:220 - loadIPPluginJar : add gfxmmu
2023-03-10 18:28:48,272 [INFO] IPUIPlugin:80 - create IPUIPlugin
2023-03-10 18:28:48,272 [INFO] PluginManager:220 - loadIPPluginJar : add gic
2023-03-10 18:28:48,288 [INFO] IPUIPlugin:80 - create IPUIPlugin
2023-03-10 18:28:48,288 [INFO] PluginManager:220 - loadIPPluginJar : add gpio
2023-03-10 18:28:48,428 [INFO] IPUIPlugin:80 - create IPUIPlugin
2023-03-10 18:28:48,428 [INFO] PluginManager:220 - loadIPPluginJar : add gtzc
2023-03-10 18:28:48,460 [INFO] IPUIPlugin:80 - create IPUIPlugin
2023-03-10 18:28:48,460 [INFO] PluginManager:220 - loadIPPluginJar : add hash
2023-03-10 18:28:48,506 [INFO] IPUIPlugin:80 - create IPUIPlugin
2023-03-10 18:28:48,506 [INFO] PluginManager:220 - loadIPPluginJar : add i2c
2023-03-10 18:28:48,538 [INFO] IPUIPlugin:80 - create IPUIPlugin
2023-03-10 18:28:48,538 [INFO] PluginManager:220 - loadIPPluginJar : add i2s
2023-03-10 18:28:48,585 [INFO] IPUIPlugin:80 - create IPUIPlugin
2023-03-10 18:28:48,585 [INFO] PluginManager:220 - loadIPPluginJar : add i3c
2023-03-10 18:28:48,694 [INFO] IPUIPlugin:80 - create IPUIPlugin
2023-03-10 18:28:48,694 [INFO] PluginManager:220 - loadIPPluginJar : add ipddr
2023-03-10 18:28:48,819 [INFO] IPUIPlugin:80 - create IPUIPlugin
2023-03-10 18:28:48,819 [INFO] PluginManager:220 - loadIPPluginJar : add linkedlist
2023-03-10 18:28:48,835 [INFO] IPUIPlugin:80 - create IPUIPlugin
2023-03-10 18:28:48,835 [INFO] PluginManager:220 - loadIPPluginJar : add lorawan
2023-03-10 18:28:48,881 [INFO] IPUIPlugin:80 - create IPUIPlugin
2023-03-10 18:28:48,881 [INFO] PluginManager:220 - loadIPPluginJar : add ltdc
2023-03-10 18:28:48,913 [INFO] IPUIPlugin:80 - create IPUIPlugin
2023-03-10 18:28:48,913 [INFO] PluginManager:220 - loadIPPluginJar : add mdma
2023-03-10 18:28:49,069 [INFO] IPUIPlugin:80 - create IPUIPlugin
2023-03-10 18:28:49,069 [INFO] PluginManager:220 - loadIPPluginJar : add nvic
2023-03-10 18:28:49,116 [INFO] IPUIPlugin:80 - create IPUIPlugin
2023-03-10 18:28:49,116 [INFO] PluginManager:220 - loadIPPluginJar : add opamp
2023-03-10 18:28:49,178 [INFO] IPUIPlugin:80 - create IPUIPlugin
2023-03-10 18:28:49,178 [INFO] PluginManager:220 - loadIPPluginJar : add openamp
2023-03-10 18:28:49,241 [INFO] IPUIPlugin:80 - create IPUIPlugin
2023-03-10 18:28:49,241 [INFO] PluginManager:220 - loadIPPluginJar : add pdm2pcm
2023-03-10 18:28:49,288 [INFO] IPUIPlugin:80 - create IPUIPlugin
2023-03-10 18:28:49,303 [INFO] PluginManager:220 - loadIPPluginJar : add plateformsettings
2023-03-10 18:28:49,334 [INFO] IPUIPlugin:80 - create IPUIPlugin
2023-03-10 18:28:49,334 [INFO] PluginManager:220 - loadIPPluginJar : add quadspi
2023-03-10 18:28:49,350 [INFO] IPUIPlugin:80 - create IPUIPlugin
2023-03-10 18:28:49,350 [INFO] PluginManager:220 - loadIPPluginJar : add resmgrutility
2023-03-10 18:28:49,428 [INFO] IPUIPlugin:80 - create IPUIPlugin
2023-03-10 18:28:49,428 [INFO] PluginManager:220 - loadIPPluginJar : add sai
2023-03-10 18:28:49,459 [INFO] IPUIPlugin:80 - create IPUIPlugin
2023-03-10 18:28:49,459 [INFO] PluginManager:220 - loadIPPluginJar : add spi
2023-03-10 18:28:49,537 [INFO] IPUIPlugin:80 - create IPUIPlugin
2023-03-10 18:28:49,537 [INFO] PluginManager:220 - loadIPPluginJar : add stm32_wpan
2023-03-10 18:28:49,569 [INFO] IPUIPlugin:80 - create IPUIPlugin
2023-03-10 18:28:49,569 [INFO] PluginManager:220 - loadIPPluginJar : add tim
2023-03-10 18:28:49,662 [INFO] IPUIPlugin:80 - create IPUIPlugin
2023-03-10 18:28:49,662 [INFO] PluginManager:220 - loadIPPluginJar : add touchsensing
2023-03-10 18:28:49,694 [INFO] IPUIPlugin:80 - create IPUIPlugin
2023-03-10 18:28:49,694 [INFO] PluginManager:220 - loadIPPluginJar : add tracer_emb
2023-03-10 18:28:49,709 [INFO] IPUIPlugin:80 - create IPUIPlugin
2023-03-10 18:28:49,709 [INFO] PluginManager:220 - loadIPPluginJar : add ts
2023-03-10 18:28:49,741 [INFO] IPUIPlugin:80 - create IPUIPlugin
2023-03-10 18:28:49,741 [INFO] PluginManager:220 - loadIPPluginJar : add tsc
2023-03-10 18:28:49,756 [INFO] IPUIPlugin:80 - create IPUIPlugin
2023-03-10 18:28:49,756 [INFO] PluginManager:220 - loadIPPluginJar : add ucpd
2023-03-10 18:28:49,803 [INFO] IPUIPlugin:80 - create IPUIPlugin
2023-03-10 18:28:49,803 [INFO] PluginManager:220 - loadIPPluginJar : add usart
2023-03-10 18:28:49,850 [INFO] IPUIPlugin:80 - create IPUIPlugin
2023-03-10 18:28:49,865 [INFO] PluginManager:220 - loadIPPluginJar : add usbx
2023-03-10 18:28:50,121 [INFO] CADModel:165 - CPN selected for project level
2023-03-10 18:28:50,121 [INFO] CADModel:114 - Register for checkConnection events
2023-03-10 18:28:50,121 [FATAL] Updater:308 - Updater called before beeing initialized
2023-03-10 18:28:50,121 [ERROR] CADModel:125 - Updater not yet initialized, retry later 
2023-03-10 18:28:50,574 [INFO] ThirdPartyUpdaterWithRetryManager:70 - Updater plugin not ready yet. [4/15]
2023-03-10 18:28:50,918 [INFO] CADModel:165 - CPN selected for project level
2023-03-10 18:28:50,918 [INFO] CADModel:114 - Register for checkConnection events
2023-03-10 18:28:50,918 [FATAL] Updater:308 - Updater called before beeing initialized
2023-03-10 18:28:50,918 [ERROR] CADModel:125 - Updater not yet initialized, retry later 
2023-03-10 18:28:50,918 [FATAL] Updater:308 - Updater called before beeing initialized
2023-03-10 18:28:51,292 [FATAL] Updater:308 - Updater called before beeing initialized
2023-03-10 18:28:51,324 [INFO] DbMcusAds:53 - JSON generation date=Thu Sep 30 10:25:09 IRST 2021 (1632984909247)
2023-03-10 18:28:51,324 [FATAL] Updater:308 - Updater called before beeing initialized
2023-03-10 18:28:51,745 [WARN] DetailPanel:346 - Failed to get advertising image, set to default
2023-03-10 18:28:51,917 [FATAL] Updater:308 - Updater called before beeing initialized
2023-03-10 18:28:51,933 [FATAL] Updater:308 - Updater called before beeing initialized
2023-03-10 18:28:51,933 [FATAL] Updater:308 - Updater called before beeing initialized
2023-03-10 18:28:51,933 [WARN] DetailPanel:346 - Failed to get advertising image, set to default
2023-03-10 18:28:51,933 [FATAL] Updater:308 - Updater called before beeing initialized
2023-03-10 18:28:52,105 [ERROR] Updater:1120 - MainUpdater not yet initialized. External WinMGr cannot be set.
2023-03-10 18:28:52,136 [INFO] Updater:1056 - Updater Version found : 6.8.0
2023-03-10 18:28:52,183 [INFO] ApplicationProperties:184 - Using Application install path: C:\ST\STM32CubeIDE_1.11.2\STM32CubeIDE\plugins\com.st.stm32cube.common.mx_6.8.0.202302231600
2023-03-10 18:28:52,261 [INFO] MainUpdater:519 - Copy updater definitions from MX database
2023-03-10 18:28:52,339 [INFO] MainUpdater:552 - Copy flag file definitions from MX database
2023-03-10 18:28:52,370 [INFO] MainUpdater:568 - Copy thirdparty index definitions from MX database
2023-03-10 18:28:52,386 [INFO] MainUpdater:587 - Copy default thirdparty db definitions from MX database
2023-03-10 18:28:53,183 [INFO] MainUpdater:2854 - connection check result : 10
2023-03-10 18:28:53,183 [INFO] MainUpdater:3548 - Updater definition file requires update
2023-03-10 18:28:53,183 [INFO] MainUpdater:283 - Updater Check For Update Now.
2023-03-10 18:28:53,183 [INFO] MicroXplorer:498 - Change Database Version : DB.6.0.80
2023-03-10 18:28:53,386 [INFO] ServerAccessManage:473 - Download File updaters.zip
2023-03-10 18:28:53,589 [WARN] MainUpdater:1187 - Updater busy. Cannot search thirdparties
2023-03-10 18:28:53,589 [INFO] ThirdPartyUpdaterWithRetryManager:96 - Updater plugin is busy. [1/15]
2023-03-10 18:28:53,776 [INFO] FileExtend:240 - Unzip File : updaters.zip
2023-03-10 18:28:53,776 [INFO] FileExtend:255 - Standard Zip Deflate
2023-03-10 18:28:54,542 [INFO] ServerAccessManage:473 - Download File PacksControlFlags.xml
2023-03-10 18:28:54,767 [INFO] ServerAccessManage:473 - Download File cubemx.pidx
2023-03-10 18:28:55,330 [INFO] ServerAccessManage:473 - Download File STMicroelectronics.FP-ATR-ASTRA1.pdsc
2023-03-10 18:28:55,720 [INFO] ServerAccessManage:473 - Download File STMicroelectronics.FP-ATR-SIGFOX1.pdsc
2023-03-10 18:28:56,111 [INFO] ServerAccessManage:473 - Download File STMicroelectronics.X-CUBE-AI.pdsc
2023-03-10 18:28:56,595 [WARN] MainUpdater:1187 - Updater busy. Cannot search thirdparties
2023-03-10 18:28:56,595 [INFO] ThirdPartyUpdaterWithRetryManager:96 - Updater plugin is busy. [2/15]
2023-03-10 18:28:58,032 [INFO] ServerAccessManage:473 - Download File STMicroelectronics.X-CUBE-ALS.pdsc
2023-03-10 18:28:58,485 [INFO] ServerAccessManage:473 - Download File STMicroelectronics.X-CUBE-BLE1.pdsc
2023-03-10 18:28:59,606 [WARN] MainUpdater:1187 - Updater busy. Cannot search thirdparties
2023-03-10 18:28:59,606 [INFO] ThirdPartyUpdaterWithRetryManager:96 - Updater plugin is busy. [3/15]
2023-03-10 18:29:00,278 [ERROR] ServerAccessManage:1089 - Problem, file not found on Server
2023-03-10 18:29:00,450 [INFO] ServerAccessManage:473 - Download File STMicroelectronics.X-CUBE-BLE2.pdsc
2023-03-10 18:29:01,621 [INFO] ServerAccessManage:473 - Download File STMicroelectronics.X-CUBE-BLEMGR.pdsc
2023-03-10 18:29:02,558 [INFO] ServerAccessManage:473 - Download File STMicroelectronics.X-CUBE-DISPLAY.pdsc
2023-03-10 18:29:02,621 [WARN] MainUpdater:1187 - Updater busy. Cannot search thirdparties
2023-03-10 18:29:02,621 [INFO] ThirdPartyUpdaterWithRetryManager:96 - Updater plugin is busy. [4/15]
2023-03-10 18:29:03,808 [INFO] ServerAccessManage:473 - Download File STMicroelectronics.X-CUBE-EEPRMA1.pdsc
2023-03-10 18:29:04,574 [ERROR] ServerAccessManage:1089 - Problem, file not found on Server
2023-03-10 18:29:05,105 [INFO] ServerAccessManage:473 - Download File STMicroelectronics.X-CUBE-FREERTOS.pdsc
2023-03-10 18:29:05,386 [INFO] ServerAccessManage:473 - Download File STMicroelectronics.X-CUBE-GNSS1.pdsc
2023-03-10 18:29:05,636 [WARN] MainUpdater:1187 - Updater busy. Cannot search thirdparties
2023-03-10 18:29:05,636 [INFO] ThirdPartyUpdaterWithRetryManager:96 - Updater plugin is busy. [5/15]
2023-03-10 18:29:06,651 [ERROR] ServerAccessManage:1089 - Problem, file not found on Server
2023-03-10 18:29:06,870 [ERROR] ServerAccessManage:1089 - Problem, file not found on Server
2023-03-10 18:29:07,073 [ERROR] ServerAccessManage:1089 - Problem, file not found on Server
2023-03-10 18:29:07,229 [ERROR] ServerAccessManage:1089 - Problem, file not found on Server
2023-03-10 18:29:07,417 [ERROR] ServerAccessManage:1089 - Problem, file not found on Server
2023-03-10 18:29:07,604 [ERROR] ServerAccessManage:1089 - Problem, file not found on Server
2023-03-10 18:29:07,729 [INFO] ServerAccessManage:473 - Download File STMicroelectronics.X-CUBE-ISPU.pdsc
2023-03-10 18:29:08,151 [INFO] ServerAccessManage:473 - Download File STMicroelectronics.X-CUBE-MEMS1.pdsc
2023-03-10 18:29:08,651 [WARN] MainUpdater:1187 - Updater busy. Cannot search thirdparties
2023-03-10 18:29:08,651 [INFO] ThirdPartyUpdaterWithRetryManager:96 - Updater plugin is busy. [6/15]
2023-03-10 18:29:11,510 [INFO] ServerAccessManage:473 - Download File STMicroelectronics.X-CUBE-NFC4.pdsc
2023-03-10 18:29:11,666 [WARN] MainUpdater:1187 - Updater busy. Cannot search thirdparties
2023-03-10 18:29:11,666 [INFO] ThirdPartyUpdaterWithRetryManager:96 - Updater plugin is busy. [7/15]
2023-03-10 18:29:13,494 [INFO] ServerAccessManage:473 - Download File STMicroelectronics.X-CUBE-NFC7.pdsc
2023-03-10 18:29:13,634 [INFO] MainUpdater:2854 - connection check result : 10
2023-03-10 18:29:13,775 [INFO] ServerAccessManage:473 - Download File STMicroelectronics.X-CUBE-SFXS2LP1.pdsc
2023-03-10 18:29:14,462 [INFO] ServerAccessManage:473 - Download File STMicroelectronics.X-CUBE-SUBG2.pdsc
2023-03-10 18:29:14,681 [WARN] MainUpdater:1187 - Updater busy. Cannot search thirdparties
2023-03-10 18:29:14,681 [INFO] ThirdPartyUpdaterWithRetryManager:96 - Updater plugin is busy. [8/15]
2023-03-10 18:29:15,930 [INFO] ServerAccessManage:473 - Download File STMicroelectronics.X-CUBE-TOF1.pdsc
2023-03-10 18:29:16,774 [ERROR] ServerAccessManage:1089 - Problem, file not found on Server
2023-03-10 18:29:17,086 [INFO] ServerAccessManage:473 - Download File STMicroelectronics.X-CUBE-TOUCHGFX.pdsc
2023-03-10 18:29:17,695 [WARN] MainUpdater:1187 - Updater busy. Cannot search thirdparties
2023-03-10 18:29:17,695 [INFO] ThirdPartyUpdaterWithRetryManager:96 - Updater plugin is busy. [9/15]
2023-03-10 18:29:18,899 [INFO] ServerAccessManage:473 - Download File STMicroelectronics.X-CUBE-ALGOBUILD.pdsc
2023-03-10 18:29:19,836 [INFO] ServerAccessManage:473 - Download File STMicroelectronics.X-CUBE-AZRTOS-H7.pdsc
2023-03-10 18:29:20,710 [WARN] MainUpdater:1187 - Updater busy. Cannot search thirdparties
2023-03-10 18:29:20,710 [INFO] ThirdPartyUpdaterWithRetryManager:96 - Updater plugin is busy. [10/15]
2023-03-10 18:29:20,710 [INFO] ServerAccessManage:473 - Download File STMicroelectronics.X-CUBE-AZRTOS-F4.pdsc
2023-03-10 18:29:21,242 [INFO] ServerAccessManage:473 - Download File STMicroelectronics.X-CUBE-AZRTOS-F7.pdsc
2023-03-10 18:29:21,788 [INFO] ServerAccessManage:473 - Download File STMicroelectronics.X-CUBE-AZRTOS-L4.pdsc
2023-03-10 18:29:22,210 [INFO] ServerAccessManage:473 - Download File STMicroelectronics.X-CUBE-AZRTOS-L5.pdsc
2023-03-10 18:29:22,741 [INFO] ServerAccessManage:473 - Download File STMicroelectronics.X-CUBE-AZRTOS-G0.pdsc
2023-03-10 18:29:23,725 [WARN] MainUpdater:1187 - Updater busy. Cannot search thirdparties
2023-03-10 18:29:23,725 [INFO] ThirdPartyUpdaterWithRetryManager:96 - Updater plugin is busy. [11/15]
2023-03-10 18:29:23,928 [INFO] ServerAccessManage:473 - Download File STMicroelectronics.X-CUBE-AZRTOS-G4.pdsc
2023-03-10 18:29:24,303 [INFO] ServerAccessManage:473 - Download File STMicroelectronics.X-CUBE-AZRTOS-WB.pdsc
2023-03-10 18:29:24,647 [INFO] ServerAccessManage:473 - Download File STMicroelectronics.X-CUBE-AZRTOS-WL.pdsc
2023-03-10 18:29:26,740 [WARN] MainUpdater:1187 - Updater busy. Cannot search thirdparties
2023-03-10 18:29:26,740 [INFO] ThirdPartyUpdaterWithRetryManager:96 - Updater plugin is busy. [12/15]
2023-03-10 18:29:29,755 [WARN] MainUpdater:1187 - Updater busy. Cannot search thirdparties
2023-03-10 18:29:29,755 [INFO] ThirdPartyUpdaterWithRetryManager:96 - Updater plugin is busy. [13/15]
2023-03-10 18:29:32,770 [WARN] MainUpdater:1187 - Updater busy. Cannot search thirdparties
2023-03-10 18:29:32,770 [INFO] ThirdPartyUpdaterWithRetryManager:96 - Updater plugin is busy. [14/15]
2023-03-10 18:29:35,785 [WARN] MainUpdater:1187 - Updater busy. Cannot search thirdparties
2023-03-10 18:29:35,785 [INFO] ThirdPartyUpdaterWithRetryManager:96 - Updater plugin is busy. [15/15]
2023-03-10 18:29:35,785 [ERROR] IntegrityCheckThread:130 - Cannot retrieve database content from updater: error -1
2023-03-10 18:29:35,785 [INFO] ThirdParty:978 - Integrity check success = false
2023-03-10 18:29:35,785 [INFO] IntegrityCheckThread:100 - exiting critical section [integrity check]
2023-03-10 18:29:35,785 [INFO] IntegrityCheckThread:103 - End integrity checks thread
2023-03-10 18:29:47,220 [ERROR] ServerAccessManage:1172 - Problem during Server Connection :  IO error Connection reset
2023-03-10 18:29:47,220 [ERROR] ServerAccessManage:651 - Problem during Server Connection :  : wolfSSL.I-CUBE-wolfSSL.pdsc.
2023-03-10 18:29:48,454 [INFO] ServerAccessManage:473 - Download File RoweBots.I-CUBE-UNISONRTOS.pdsc
2023-03-10 18:29:54,656 [INFO] ServerAccessManage:473 - Download File SEGGER.I-CUBE-embOS.pdsc
2023-03-10 18:29:58,476 [INFO] ApiDb:581 - Connected to CubeFinder SQLite database (C:\Users\khanl\.stmcufinder\plugins\mcufinder\mcu\cube-finder-db.db)
2023-03-10 18:29:59,331 [INFO] ServerAccessManage:473 - Download File portGmbH.I-Cube-SoM-uGOAL.pdsc
2023-03-10 18:30:00,690 [ERROR] ServerAccessManage:1089 - Problem, file not found on Server
2023-03-10 18:30:00,831 [ERROR] ServerAccessManage:1089 - Problem, file not found on Server
2023-03-10 18:30:00,956 [ERROR] ServerAccessManage:1089 - Problem, file not found on Server
2023-03-10 18:30:01,768 [INFO] ServerAccessManage:473 - Download File emotas.I-CUBE-CANOPEN.pdsc
2023-03-10 18:30:04,064 [INFO] ServerAccessManage:473 - Download File WES.I-CUBE-Cesium.pdsc
2023-03-10 18:30:18,061 [INFO] ApiDb:668 - CubeFinder database Data Model version=2.1
2023-03-10 18:30:18,061 [INFO] ApiDb:669 - CubeFinder database Configuration version=3.0.35
2023-03-10 18:30:18,061 [INFO] ApiDb:670 - CubeFinder database generation date=2023-02-21 (1676964986)
2023-03-10 18:30:18,061 [INFO] ApiDb:671 - CubeFinder database FW Pack versions=[FP-ATR-ASTRA1_V1.1.1, STM32Cube_FW_C0_V1.0.1, STM32Cube_FW_F0_V1.11.4, STM32Cube_FW_F3_V1.11.4, STM32Cube_FW_F4_V1.27.1, STM32Cube_FW_F7_V1.17.0, STM32Cube_FW_G0_V1.6.1, STM32Cube_FW_G4_V1.5.1, STM32Cube_FW_H5_V0.5.1, STM32Cube_FW_H5_V1.0.0, STM32Cube_FW_H7_V1.11.0, STM32Cube_FW_L0_V1.12.2, STM32Cube_FW_L5_V1.5.0, STM32Cube_FW_U5_V1.2.0, STM32Cube_FW_WBA_V1.0.0, STM32Cube_FW_WBA_V1.0.0RC1, STM32Cube_FW_WBA_V1.0.0RC3, STM32Cube_FW_WB_V1.15.0RC1, STM32Cube_FW_WB_V1.16.0, STM32Cube_FW_WB_V1.16.0RC2, STM32Cube_FW_WL_V1.3.0, X-CUBE-ALGOBUILD_V1.3.0, X-CUBE-ALS_V1.0.1, X-CUBE-AZRTOS-F4_V1.1.0, X-CUBE-AZRTOS-F7_V1.1.0, X-CUBE-AZRTOS-G0_V1.1.0, X-CUBE-AZRTOS-G4_V1.0.0, X-CUBE-AZRTOS-H7_V3.0.0, X-CUBE-AZRTOS-L4_V1.0.0, X-CUBE-AZRTOS-L5_V1.1.0, X-CUBE-AZRTOS-WB_V1.1.0, X-CUBE-AZRTOS-WL_V1.0.0, X-CUBE-BLE1_V6.2.4, X-CUBE-BLE2_V3.3.0, X-CUBE-BLEMGR_V1.3.0, X-CUBE-EEPRMA1_V4.1.0, X-CUBE-GNSS1_V6.0.0, X-CUBE-MEMS1_V9.1.0, X-CUBE-MEMS1_V9.4.0, X-CUBE-MEMS1_V9.5.0, X-CUBE-NFC4_V3.0.0, X-CUBE-NFC7_V1.0.0, X-CUBE-SFXS2LP1_V4.0.0, X-CUBE-SUBG2_V5.0.0]
2023-03-10 18:30:33,511 [ERROR] ServerAccessManage:1089 - Problem, file not found on Server
2023-03-10 18:30:34,557 [ERROR] ServerAccessManage:1089 - Problem, file not found on Server
2023-03-10 18:30:36,822 [WARN] CheckServerUpdateThread:151 - Open CheckUpdateFile Fail
2023-03-10 18:30:36,963 [INFO] CheckServerUpdateThread:120 - End of CheckServer Thread
2023-03-10 18:30:38,509 [WARN] PackLoader:240 - Cannot read IP mode file for STMicroelectronics.FP-ATR-ASTRA1.1.1.1
2023-03-10 18:30:39,025 [WARN] PackLoader:240 - Cannot read IP mode file for STMicroelectronics.FP-ATR-SIGFOX1.3.2.0
2023-03-10 18:30:39,759 [WARN] PackLoader:240 - Cannot read IP mode file for STMicroelectronics.X-CUBE-AI.8.0.0
2023-03-10 18:30:40,884 [WARN] PackLoader:240 - Cannot read IP mode file for STMicroelectronics.X-CUBE-ALS.1.0.1
2023-03-10 18:30:41,509 [WARN] PackLoader:240 - Cannot read IP mode file for STMicroelectronics.X-CUBE-BLE1.6.2.4
2023-03-10 18:30:41,837 [WARN] PackLoader:240 - Cannot read IP mode file for STMicroelectronics.X-CUBE-BLE2.3.3.0
2023-03-10 18:30:42,524 [WARN] PackLoader:240 - Cannot read IP mode file for STMicroelectronics.X-CUBE-BLEMGR.2.0.0
2023-03-10 18:30:43,383 [WARN] PackLoader:240 - Cannot read IP mode file for STMicroelectronics.X-CUBE-DISPLAY.3.0.0
2023-03-10 18:30:44,117 [WARN] PackLoader:240 - Cannot read IP mode file for STMicroelectronics.X-CUBE-EEPRMA1.4.1.0
2023-03-10 18:30:44,664 [WARN] PackLoader:240 - Cannot read IP mode file for STMicroelectronics.X-CUBE-FREERTOS.1.0.0
2023-03-10 18:30:44,961 [WARN] PackLoader:240 - Cannot read IP mode file for STMicroelectronics.X-CUBE-GNSS1.6.0.0
2023-03-10 18:30:45,648 [WARN] PackLoader:240 - Cannot read IP mode file for STMicroelectronics.X-CUBE-ISPU.1.1.0
2023-03-10 18:30:46,289 [WARN] PackLoader:240 - Cannot read IP mode file for STMicroelectronics.X-CUBE-MEMS1.9.5.0
2023-03-10 18:30:46,804 [WARN] PackLoader:240 - Cannot read IP mode file for STMicroelectronics.X-CUBE-NFC4.3.0.0
2023-03-10 18:30:46,898 [WARN] PackLoader:240 - Cannot read IP mode file for STMicroelectronics.X-CUBE-NFC7.1.0.0
2023-03-10 18:30:47,210 [WARN] PackLoader:240 - Cannot read IP mode file for STMicroelectronics.X-CUBE-SFXS2LP1.4.0.0
2023-03-10 18:30:47,617 [WARN] PackLoader:240 - Cannot read IP mode file for STMicroelectronics.X-CUBE-SUBG2.5.0.0
2023-03-10 18:30:47,960 [WARN] PackLoader:240 - Cannot read IP mode file for STMicroelectronics.X-CUBE-TOF1.3.2.0
2023-03-10 18:30:49,241 [WARN] PackLoader:240 - Cannot read IP mode file for STMicroelectronics.X-CUBE-TOUCHGFX.4.21.1
2023-03-10 18:30:50,444 [WARN] PackLoader:240 - Cannot read IP mode file for STMicroelectronics.X-CUBE-ALGOBUILD.1.3.0
2023-03-10 18:30:50,881 [WARN] PackLoader:240 - Cannot read IP mode file for STMicroelectronics.X-CUBE-AZRTOS-H7.3.0.0
2023-03-10 18:30:51,256 [WARN] PackLoader:240 - Cannot read IP mode file for STMicroelectronics.X-CUBE-AZRTOS-F4.1.1.0
2023-03-10 18:30:52,006 [WARN] PackLoader:240 - Cannot read IP mode file for STMicroelectronics.X-CUBE-AZRTOS-F7.1.1.0
2023-03-10 18:30:52,475 [WARN] PackLoader:240 - Cannot read IP mode file for STMicroelectronics.X-CUBE-AZRTOS-L4.1.0.0
2023-03-10 18:30:53,475 [WARN] PackLoader:240 - Cannot read IP mode file for STMicroelectronics.X-CUBE-AZRTOS-L5.1.1.0
2023-03-10 18:30:54,490 [WARN] PackLoader:240 - Cannot read IP mode file for STMicroelectronics.X-CUBE-AZRTOS-G0.1.1.0
2023-03-10 18:30:55,768 [WARN] PackLoader:240 - Cannot read IP mode file for STMicroelectronics.X-CUBE-AZRTOS-G4.1.0.0
2023-03-10 18:30:56,628 [WARN] PackLoader:240 - Cannot read IP mode file for STMicroelectronics.X-CUBE-AZRTOS-WB.1.1.0
2023-03-10 18:30:57,487 [WARN] PackLoader:240 - Cannot read IP mode file for STMicroelectronics.X-CUBE-AZRTOS-WL.1.0.0
2023-03-10 18:30:58,764 [WARN] PackLoader:240 - Cannot read IP mode file for RoweBots.I-CUBE-UNISONRTOS.5.5.0-4
2023-03-10 18:30:59,307 [WARN] PackLoader:240 - Cannot read IP mode file for SEGGER.I-CUBE-embOS.1.3.1
2023-03-10 18:30:59,698 [WARN] PackLoader:240 - Cannot read IP mode file for portGmbH.I-Cube-SoM-uGOAL.1.1.0
2023-03-10 18:31:00,073 [WARN] PackLoader:240 - Cannot read IP mode file for emotas.I-CUBE-CANOPEN.1.1.3
2023-03-10 18:31:01,244 [WARN] PackLoader:240 - Cannot read IP mode file for WES.I-CUBE-Cesium.1.3.0
2023-03-10 18:31:01,244 [INFO] PopulateThirdPartyThread:66 - Ending populate Thread
2023-03-10 18:31:01,244 [INFO] ThirdParty:1030 - CMSIS Pack Vendor :STMicroelectronics X-CUBE-ISPU 1.1.0
2023-03-10 18:31:01,244 [INFO] ThirdParty:1030 - CMSIS Pack Vendor :STMicroelectronics X-CUBE-DISPLAY 3.0.0
2023-03-10 18:31:01,244 [INFO] ThirdParty:1030 - CMSIS Pack Vendor :RoweBots I-CUBE-UNISONRTOS 5.5.0-4
2023-03-10 18:31:01,244 [INFO] ThirdParty:1030 - CMSIS Pack Vendor :STMicroelectronics X-CUBE-GNSS1 6.0.0
2023-03-10 18:31:01,244 [INFO] ThirdParty:1030 - CMSIS Pack Vendor :STMicroelectronics X-CUBE-AZRTOS-F4 1.1.0
2023-03-10 18:31:01,244 [INFO] ThirdParty:1030 - CMSIS Pack Vendor :STMicroelectronics FP-ATR-SIGFOX1 3.2.0
2023-03-10 18:31:01,244 [INFO] ThirdParty:1030 - CMSIS Pack Vendor :STMicroelectronics X-CUBE-AZRTOS-G4 1.0.0
2023-03-10 18:31:01,244 [INFO] ThirdParty:1030 - CMSIS Pack Vendor :STMicroelectronics X-CUBE-AZRTOS-L4 1.0.0
2023-03-10 18:31:01,244 [INFO] ThirdParty:1030 - CMSIS Pack Vendor :STMicroelectronics X-CUBE-AI 8.0.0
2023-03-10 18:31:01,244 [INFO] ThirdParty:1030 - CMSIS Pack Vendor :STMicroelectronics X-CUBE-FREERTOS 1.0.0
2023-03-10 18:31:01,244 [INFO] ThirdParty:1030 - CMSIS Pack Vendor :STMicroelectronics X-CUBE-TOUCHGFX 4.21.1
2023-03-10 18:31:01,244 [INFO] ThirdParty:1030 - CMSIS Pack Vendor :STMicroelectronics X-CUBE-NFC7 1.0.0
2023-03-10 18:31:01,244 [INFO] ThirdParty:1030 - CMSIS Pack Vendor :STMicroelectronics X-CUBE-AZRTOS-WL 1.0.0
2023-03-10 18:31:01,244 [INFO] ThirdParty:1030 - CMSIS Pack Vendor :STMicroelectronics X-CUBE-AZRTOS-F7 1.1.0
2023-03-10 18:31:01,244 [INFO] ThirdParty:1030 - CMSIS Pack Vendor :STMicroelectronics X-CUBE-ALS 1.0.1
2023-03-10 18:31:01,244 [INFO] ThirdParty:1030 - CMSIS Pack Vendor :STMicroelectronics X-CUBE-EEPRMA1 4.1.0
2023-03-10 18:31:01,244 [INFO] ThirdParty:1030 - CMSIS Pack Vendor :portGmbH I-Cube-SoM-uGOAL 1.1.0
2023-03-10 18:31:01,244 [INFO] ThirdParty:1030 - CMSIS Pack Vendor :STMicroelectronics X-CUBE-MEMS1 9.5.0
2023-03-10 18:31:01,244 [INFO] ThirdParty:1030 - CMSIS Pack Vendor :STMicroelectronics X-CUBE-AZRTOS-WB 1.1.0
2023-03-10 18:31:01,244 [INFO] ThirdParty:1030 - CMSIS Pack Vendor :STMicroelectronics X-CUBE-ALGOBUILD 1.3.0
2023-03-10 18:31:01,244 [INFO] ThirdParty:1030 - CMSIS Pack Vendor :SEGGER I-CUBE-embOS 1.3.1
2023-03-10 18:31:01,244 [INFO] ThirdParty:1030 - CMSIS Pack Vendor :STMicroelectronics X-CUBE-BLE1 6.2.4
2023-03-10 18:31:01,244 [INFO] ThirdParty:1030 - CMSIS Pack Vendor :STMicroelectronics X-CUBE-AZRTOS-L5 1.1.0
2023-03-10 18:31:01,244 [INFO] ThirdParty:1030 - CMSIS Pack Vendor :STMicroelectronics X-CUBE-AZRTOS-G0 1.1.0
2023-03-10 18:31:01,244 [INFO] ThirdParty:1030 - CMSIS Pack Vendor :emotas I-CUBE-CANOPEN 1.1.3
2023-03-10 18:31:01,244 [INFO] ThirdParty:1030 - CMSIS Pack Vendor :STMicroelectronics X-CUBE-BLEMGR 2.0.0
2023-03-10 18:31:01,244 [INFO] ThirdParty:1030 - CMSIS Pack Vendor :STMicroelectronics X-CUBE-NFC4 3.0.0
2023-03-10 18:31:01,244 [INFO] ThirdParty:1030 - CMSIS Pack Vendor :STMicroelectronics X-CUBE-SUBG2 5.0.0
2023-03-10 18:31:01,260 [INFO] ThirdParty:1030 - CMSIS Pack Vendor :WES I-CUBE-Cesium 1.3.0
2023-03-10 18:31:01,260 [INFO] ThirdParty:1030 - CMSIS Pack Vendor :STMicroelectronics X-CUBE-SFXS2LP1 4.0.0
2023-03-10 18:31:01,260 [INFO] ThirdParty:1030 - CMSIS Pack Vendor :STMicroelectronics X-CUBE-BLE2 3.3.0
2023-03-10 18:31:01,260 [INFO] ThirdParty:1030 - CMSIS Pack Vendor :STMicroelectronics X-CUBE-TOF1 3.2.0
2023-03-10 18:31:01,260 [INFO] ThirdParty:1030 - CMSIS Pack Vendor :STMicroelectronics FP-ATR-ASTRA1 1.1.1
2023-03-10 18:31:01,260 [INFO] ThirdParty:1030 - CMSIS Pack Vendor :STMicroelectronics X-CUBE-AZRTOS-H7 3.0.0
2023-03-10 18:31:01,260 [INFO] LoadServerUpdatesThread:373 - End of LoadServerUpdate Thread
2023-03-10 18:31:47,921 [INFO] DbBoardsSqlite:226 - include board P-NUCLEO-WB55-NUCLEO as a kit item of type 'Nucleo-64'
2023-03-10 18:31:47,921 [INFO] DbBoardsSqlite:226 - include board P-NUCLEO-WB55-USBDONGLE as a kit item of type 'Nucleo USB Dongle'
2023-03-10 18:31:49,420 [INFO] DbBoardsSqlite:226 - include board STEVAL-IDP005V1 as a kit item of type 'Evaluation Board'
2023-03-10 18:31:49,545 [INFO] DbBoardsSqlite:226 - include board STEVAL-IDP005V2 as a kit item of type 'Evaluation Board'
2023-03-10 18:37:01,001 [INFO] ApiDb:240 - Found 297 in-development CPN: [B-G473E-ZEST1S, B-WB1M-WPAN1, B-WL5M-SUBG1, NUCLEO-C031C6, NUCLEO-H503RB, NUCLEO-H563ZI, NUCLEO-U545RE-Q, NUCLEO-U5A5ZJ-Q, NUCLEO-WBA52CG, STEVAL-PROTEUS1, STEVAL-STWINBX1, STM320518-EVAL, STM32C0116-DK, STM32C011D6Y3TR, STM32C011D6Y6TR, STM32C011F4P3, STM32C011F4P6, STM32C011F4U3, STM32C011F4U6TR, STM32C011F6P3, STM32C011F6P6, STM32C011F6U3, STM32C011F6U6TR, STM32C011J4M3, STM32C011J4M6, STM32C011J6M3, STM32C011J6M6, STM32C0316-DK, STM32C031C4T3, STM32C031C4T6, STM32C031C4U3, STM32C031C4U6, STM32C031C6T3, STM32C031C6T6, STM32C031C6U3, STM32C031C6U6, STM32C031F4P3, STM32C031F4P6, STM32C031F6P3, STM32C031F6P6, STM32C031G4U3, STM32C031G4U6, STM32C031G6U3, STM32C031G6U6, STM32C031K4T3, STM32C031K4T6, STM32C031K4U3, STM32C031K4U6, STM32C031K6T3, STM32C031K6T6, STM32C031K6U3, STM32C031K6U6, STM32G071K8TXN, STM32G071K8UXN, STM32G081GBU6N, STM32G081KBT6N, STM32G081KBUXN, STM32G0B1CCT6N, STM32G0B1KCT6, STM32G0B1NEY6TR, STM32G0B1RCT6N, STM32G0C1CCT6, STM32G0C1CCT6N, STM32G0C1CCU6N, STM32G0C1CET6N, STM32G0C1CEU6N, STM32G0C1KCT6, STM32G0C1NEY6TR, STM32G0C1RCI6N, STM32G0C1RCT6N, STM32G0C1REI6N, STM32G0C1RET6N, STM32G0C1VCI6, STM32G0C1VEI6, STM32G471CCT6, STM32G471CCU6, STM32G471CET3, STM32G471CET6, STM32G471CEU3, STM32G471CEU6, STM32G471MCT6, STM32G471MET3, STM32G471MET6, STM32G471MEY6TR, STM32G471QCT6, STM32G471QET3, STM32G471RCT6, STM32G471RET3, STM32G471RET6, STM32G471VCH6, STM32G471VCI6, STM32G471VCT6, STM32G471VEH3, STM32G471VEH6, STM32G471VEI3, STM32G471VEI6, STM32G471VET3, STM32G471VET6, STM32G474CCT6, STM32H503CBT6, STM32H503CBU6, STM32H503EBY6TR, STM32H503KBU6, STM32H503RBT6, STM32H562AGI6, STM32H562AII6, STM32H562IGK6, STM32H562IGT6, STM32H562IIK6, STM32H562IIT6, STM32H562RGT6, STM32H562RGV6, STM32H562RIT6, STM32H562RIV6, STM32H562VGT6, STM32H562VIT6, STM32H562ZGT6, STM32H562ZIT6, STM32H563AGI6, STM32H563AII3Q, STM32H563AII6, STM32H563IGK6, STM32H563IGT6, STM32H563IIK3Q, STM32H563IIK6, STM32H563IIT3Q, STM32H563IIT6, STM32H563MIY3QTR, STM32H563RGT6, STM32H563RGV6, STM32H563RIT6, STM32H563RIV6, STM32H563VGT6, STM32H563VIT3Q, STM32H563VIT6, STM32H563ZGT6, STM32H563ZIT3Q, STM32H563ZIT6, STM32H573AII3Q, STM32H573AII6, STM32H573I-DK, STM32H573IIK3Q, STM32H573IIK6, STM32H573IIT3Q, STM32H573IIT6, STM32H573MIY3QTR, STM32H573RIT6, STM32H573RIV6, STM32H573VIT3Q, STM32H573VIT6, STM32H573ZIT3Q, STM32H573ZIT6, STM32L4R5QGI6STR, STM32MP131AAE3, STM32MP131AAF3, STM32MP131AAG3, STM32MP131CAE3, STM32MP131CAF3, STM32MP131CAG3, STM32MP131DAE7, STM32MP131DAF7, STM32MP131DAG7, STM32MP131FAE7, STM32MP131FAF7, STM32MP131FAG7, STM32MP133AAE3, STM32MP133AAF3, STM32MP133AAG3, STM32MP133CAE3, STM32MP133CAF3, STM32MP133CAG3, STM32MP133DAE7, STM32MP133DAF7, STM32MP133DAG7, STM32MP133FAE7, STM32MP133FAF7, STM32MP133FAG7, STM32MP135AAE3, STM32MP135AAF3, STM32MP135AAG3, STM32MP135CAE3, STM32MP135CAF3, STM32MP135CAG3, STM32MP135DAE7, STM32MP135DAF7, STM32MP135DAG7, STM32MP135F-DK, STM32MP135FAE7, STM32MP135FAF7, STM32MP135FAF7T, STM32MP135FAF7U, STM32MP135FAG7, STM32U535CBT6, STM32U535CBT6Q, STM32U535CBU6, STM32U535CBU6Q, STM32U535CCT6, STM32U535CCT6Q, STM32U535CCU6, STM32U535CCU6Q, STM32U535CET6, STM32U535CET6Q, STM32U535CEU6, STM32U535CEU6Q, STM32U535JEY6QTR, STM32U535NCY6QTR, STM32U535NEY6QTR, STM32U535RBI6, STM32U535RBI6Q, STM32U535RBT6, STM32U535RBT6Q, STM32U535RCI6, STM32U535RCI6Q, STM32U535RCT6, STM32U535RCT6Q, STM32U535REI6, STM32U535REI6Q, STM32U535RET6, STM32U535RET6Q, STM32U535VCI6, STM32U535VCI6Q, STM32U535VCT6, STM32U535VCT6Q, STM32U535VEI6, STM32U535VEI6Q, STM32U535VET6, STM32U535VET6Q, STM32U545CET6, STM32U545CET6Q, STM32U545CEU6, STM32U545CEU6Q, STM32U545JEY6QTR, STM32U545NEY6QTR, STM32U545REI6, STM32U545REI6Q, STM32U545RET6, STM32U545RET6Q, STM32U545VEI6, STM32U545VEI6Q, STM32U545VET6, STM32U545VET6Q, STM32U595AIH6, STM32U595AIH6Q, STM32U595AJH6, STM32U595AJH6Q, STM32U595QII6, STM32U595QII6Q, STM32U595QJI6, STM32U595QJI6Q, STM32U595RIT6, STM32U595RIT6Q, STM32U595RJT6, STM32U595RJT6Q, STM32U595VIT6, STM32U595VIT6Q, STM32U595VJT6, STM32U595VJT6Q, STM32U595ZIT6, STM32U595ZIT6Q, STM32U595ZIY6QTR, STM32U595ZJT6, STM32U595ZJT6Q, STM32U595ZJY6QTR, STM32U599BJY6QTR, STM32U599NIH6Q, STM32U599NJH6Q, STM32U599VIT6Q, STM32U599VJT6, STM32U599VJT6Q, STM32U599ZIT6Q, STM32U599ZIY6QTR, STM32U599ZJT6Q, STM32U599ZJY6QTR, STM32U5A5AJH6, STM32U5A5AJH6Q, STM32U5A5QJI6, STM32U5A5QJI6Q, STM32U5A5RJT6, STM32U5A5RJT6Q, STM32U5A5VJT6, STM32U5A5VJT6Q, STM32U5A5ZJT6, STM32U5A5ZJT6Q, STM32U5A5ZJY6QTR, STM32U5A9BJY6QTR, STM32U5A9J-DK, STM32U5A9NJH6Q, STM32U5A9VJT6Q, STM32U5A9ZJT6Q, STM32U5A9ZJY6QTR, STM32WB1MMCH6, STM32WBA52CEU6, STM32WBA52CEU6T, STM32WBA52CGU6, STM32WBA52CGU6T, STM32WL5MOCH6, STM32WL5MOCH6TR]
2023-03-10 18:37:06,516 [INFO] BoardInfo:880 - No configuration file found for board P-NUCLEO-WB55
2023-03-10 18:37:06,516 [INFO] DbBoards:157 - Kit is not supported: P-NUCLEO-WB55
2023-03-10 18:37:06,531 [INFO] BoardInfo:880 - No configuration file found for board STEVAL-BFA001V1B
2023-03-10 18:37:06,531 [INFO] DbBoards:157 - Kit is not supported: STEVAL-BFA001V1B
2023-03-10 18:37:06,531 [INFO] BoardInfo:880 - No configuration file found for board STEVAL-BFA001V2B
2023-03-10 18:37:06,531 [INFO] DbBoards:157 - Kit is not supported: STEVAL-BFA001V2B
2023-03-10 18:37:06,690 [INFO] DbBoards:161 - Found 187 boards, 184 are supported
2023-03-10 18:37:06,695 [INFO] ApiDb:668 - CubeFinder database Data Model version=2.1
2023-03-10 18:37:06,695 [INFO] ApiDb:669 - CubeFinder database Configuration version=3.0.35
2023-03-10 18:37:06,700 [INFO] ApiDb:670 - CubeFinder database generation date=2023-02-21 (1676964986)
2023-03-10 18:37:06,700 [INFO] ApiDb:671 - CubeFinder database FW Pack versions=[FP-ATR-ASTRA1_V1.1.1, STM32Cube_FW_C0_V1.0.1, STM32Cube_FW_F0_V1.11.4, STM32Cube_FW_F3_V1.11.4, STM32Cube_FW_F4_V1.27.1, STM32Cube_FW_F7_V1.17.0, STM32Cube_FW_G0_V1.6.1, STM32Cube_FW_G4_V1.5.1, STM32Cube_FW_H5_V0.5.1, STM32Cube_FW_H5_V1.0.0, STM32Cube_FW_H7_V1.11.0, STM32Cube_FW_L0_V1.12.2, STM32Cube_FW_L5_V1.5.0, STM32Cube_FW_U5_V1.2.0, STM32Cube_FW_WBA_V1.0.0, STM32Cube_FW_WBA_V1.0.0RC1, STM32Cube_FW_WBA_V1.0.0RC3, STM32Cube_FW_WB_V1.15.0RC1, STM32Cube_FW_WB_V1.16.0, STM32Cube_FW_WB_V1.16.0RC2, STM32Cube_FW_WL_V1.3.0, X-CUBE-ALGOBUILD_V1.3.0, X-CUBE-ALS_V1.0.1, X-CUBE-AZRTOS-F4_V1.1.0, X-CUBE-AZRTOS-F7_V1.1.0, X-CUBE-AZRTOS-G0_V1.1.0, X-CUBE-AZRTOS-G4_V1.0.0, X-CUBE-AZRTOS-H7_V3.0.0, X-CUBE-AZRTOS-L4_V1.0.0, X-CUBE-AZRTOS-L5_V1.1.0, X-CUBE-AZRTOS-WB_V1.1.0, X-CUBE-AZRTOS-WL_V1.0.0, X-CUBE-BLE1_V6.2.4, X-CUBE-BLE2_V3.3.0, X-CUBE-BLEMGR_V1.3.0, X-CUBE-EEPRMA1_V4.1.0, X-CUBE-GNSS1_V6.0.0, X-CUBE-MEMS1_V9.1.0, X-CUBE-MEMS1_V9.4.0, X-CUBE-MEMS1_V9.5.0, X-CUBE-NFC4_V3.0.0, X-CUBE-NFC7_V1.0.0, X-CUBE-SFXS2LP1_V4.0.0, X-CUBE-SUBG2_V5.0.0]
2023-03-10 18:37:11,415 [INFO] ApiDb:240 - Found 297 in-development CPN: [B-G473E-ZEST1S, B-WB1M-WPAN1, B-WL5M-SUBG1, NUCLEO-C031C6, NUCLEO-H503RB, NUCLEO-H563ZI, NUCLEO-U545RE-Q, NUCLEO-U5A5ZJ-Q, NUCLEO-WBA52CG, STEVAL-PROTEUS1, STEVAL-STWINBX1, STM320518-EVAL, STM32C0116-DK, STM32C011D6Y3TR, STM32C011D6Y6TR, STM32C011F4P3, STM32C011F4P6, STM32C011F4U3, STM32C011F4U6TR, STM32C011F6P3, STM32C011F6P6, STM32C011F6U3, STM32C011F6U6TR, STM32C011J4M3, STM32C011J4M6, STM32C011J6M3, STM32C011J6M6, STM32C0316-DK, STM32C031C4T3, STM32C031C4T6, STM32C031C4U3, STM32C031C4U6, STM32C031C6T3, STM32C031C6T6, STM32C031C6U3, STM32C031C6U6, STM32C031F4P3, STM32C031F4P6, STM32C031F6P3, STM32C031F6P6, STM32C031G4U3, STM32C031G4U6, STM32C031G6U3, STM32C031G6U6, STM32C031K4T3, STM32C031K4T6, STM32C031K4U3, STM32C031K4U6, STM32C031K6T3, STM32C031K6T6, STM32C031K6U3, STM32C031K6U6, STM32G071K8TXN, STM32G071K8UXN, STM32G081GBU6N, STM32G081KBT6N, STM32G081KBUXN, STM32G0B1CCT6N, STM32G0B1KCT6, STM32G0B1NEY6TR, STM32G0B1RCT6N, STM32G0C1CCT6, STM32G0C1CCT6N, STM32G0C1CCU6N, STM32G0C1CET6N, STM32G0C1CEU6N, STM32G0C1KCT6, STM32G0C1NEY6TR, STM32G0C1RCI6N, STM32G0C1RCT6N, STM32G0C1REI6N, STM32G0C1RET6N, STM32G0C1VCI6, STM32G0C1VEI6, STM32G471CCT6, STM32G471CCU6, STM32G471CET3, STM32G471CET6, STM32G471CEU3, STM32G471CEU6, STM32G471MCT6, STM32G471MET3, STM32G471MET6, STM32G471MEY6TR, STM32G471QCT6, STM32G471QET3, STM32G471RCT6, STM32G471RET3, STM32G471RET6, STM32G471VCH6, STM32G471VCI6, STM32G471VCT6, STM32G471VEH3, STM32G471VEH6, STM32G471VEI3, STM32G471VEI6, STM32G471VET3, STM32G471VET6, STM32G474CCT6, STM32H503CBT6, STM32H503CBU6, STM32H503EBY6TR, STM32H503KBU6, STM32H503RBT6, STM32H562AGI6, STM32H562AII6, STM32H562IGK6, STM32H562IGT6, STM32H562IIK6, STM32H562IIT6, STM32H562RGT6, STM32H562RGV6, STM32H562RIT6, STM32H562RIV6, STM32H562VGT6, STM32H562VIT6, STM32H562ZGT6, STM32H562ZIT6, STM32H563AGI6, STM32H563AII3Q, STM32H563AII6, STM32H563IGK6, STM32H563IGT6, STM32H563IIK3Q, STM32H563IIK6, STM32H563IIT3Q, STM32H563IIT6, STM32H563MIY3QTR, STM32H563RGT6, STM32H563RGV6, STM32H563RIT6, STM32H563RIV6, STM32H563VGT6, STM32H563VIT3Q, STM32H563VIT6, STM32H563ZGT6, STM32H563ZIT3Q, STM32H563ZIT6, STM32H573AII3Q, STM32H573AII6, STM32H573I-DK, STM32H573IIK3Q, STM32H573IIK6, STM32H573IIT3Q, STM32H573IIT6, STM32H573MIY3QTR, STM32H573RIT6, STM32H573RIV6, STM32H573VIT3Q, STM32H573VIT6, STM32H573ZIT3Q, STM32H573ZIT6, STM32L4R5QGI6STR, STM32MP131AAE3, STM32MP131AAF3, STM32MP131AAG3, STM32MP131CAE3, STM32MP131CAF3, STM32MP131CAG3, STM32MP131DAE7, STM32MP131DAF7, STM32MP131DAG7, STM32MP131FAE7, STM32MP131FAF7, STM32MP131FAG7, STM32MP133AAE3, STM32MP133AAF3, STM32MP133AAG3, STM32MP133CAE3, STM32MP133CAF3, STM32MP133CAG3, STM32MP133DAE7, STM32MP133DAF7, STM32MP133DAG7, STM32MP133FAE7, STM32MP133FAF7, STM32MP133FAG7, STM32MP135AAE3, STM32MP135AAF3, STM32MP135AAG3, STM32MP135CAE3, STM32MP135CAF3, STM32MP135CAG3, STM32MP135DAE7, STM32MP135DAF7, STM32MP135DAG7, STM32MP135F-DK, STM32MP135FAE7, STM32MP135FAF7, STM32MP135FAF7T, STM32MP135FAF7U, STM32MP135FAG7, STM32U535CBT6, STM32U535CBT6Q, STM32U535CBU6, STM32U535CBU6Q, STM32U535CCT6, STM32U535CCT6Q, STM32U535CCU6, STM32U535CCU6Q, STM32U535CET6, STM32U535CET6Q, STM32U535CEU6, STM32U535CEU6Q, STM32U535JEY6QTR, STM32U535NCY6QTR, STM32U535NEY6QTR, STM32U535RBI6, STM32U535RBI6Q, STM32U535RBT6, STM32U535RBT6Q, STM32U535RCI6, STM32U535RCI6Q, STM32U535RCT6, STM32U535RCT6Q, STM32U535REI6, STM32U535REI6Q, STM32U535RET6, STM32U535RET6Q, STM32U535VCI6, STM32U535VCI6Q, STM32U535VCT6, STM32U535VCT6Q, STM32U535VEI6, STM32U535VEI6Q, STM32U535VET6, STM32U535VET6Q, STM32U545CET6, STM32U545CET6Q, STM32U545CEU6, STM32U545CEU6Q, STM32U545JEY6QTR, STM32U545NEY6QTR, STM32U545REI6, STM32U545REI6Q, STM32U545RET6, STM32U545RET6Q, STM32U545VEI6, STM32U545VEI6Q, STM32U545VET6, STM32U545VET6Q, STM32U595AIH6, STM32U595AIH6Q, STM32U595AJH6, STM32U595AJH6Q, STM32U595QII6, STM32U595QII6Q, STM32U595QJI6, STM32U595QJI6Q, STM32U595RIT6, STM32U595RIT6Q, STM32U595RJT6, STM32U595RJT6Q, STM32U595VIT6, STM32U595VIT6Q, STM32U595VJT6, STM32U595VJT6Q, STM32U595ZIT6, STM32U595ZIT6Q, STM32U595ZIY6QTR, STM32U595ZJT6, STM32U595ZJT6Q, STM32U595ZJY6QTR, STM32U599BJY6QTR, STM32U599NIH6Q, STM32U599NJH6Q, STM32U599VIT6Q, STM32U599VJT6, STM32U599VJT6Q, STM32U599ZIT6Q, STM32U599ZIY6QTR, STM32U599ZJT6Q, STM32U599ZJY6QTR, STM32U5A5AJH6, STM32U5A5AJH6Q, STM32U5A5QJI6, STM32U5A5QJI6Q, STM32U5A5RJT6, STM32U5A5RJT6Q, STM32U5A5VJT6, STM32U5A5VJT6Q, STM32U5A5ZJT6, STM32U5A5ZJT6Q, STM32U5A5ZJY6QTR, STM32U5A9BJY6QTR, STM32U5A9J-DK, STM32U5A9NJH6Q, STM32U5A9VJT6Q, STM32U5A9ZJT6Q, STM32U5A9ZJY6QTR, STM32WB1MMCH6, STM32WBA52CEU6, STM32WBA52CEU6T, STM32WBA52CGU6, STM32WBA52CGU6T, STM32WL5MOCH6, STM32WL5MOCH6TR]
2023-03-10 18:37:11,425 [INFO] DbMcus:216 - Found 3772 MCUs, 3772 are supported
2023-03-10 18:37:11,425 [INFO] ApiDb:414 - User favorites file not found: C:\Users\khanl/.stm32cubeide/favorites.mcus.txt
2023-03-10 18:37:11,430 [INFO] DbMcus:222 - Set 0 / 0 favorites MCUs
2023-03-10 18:37:11,875 [INFO] ApiDb:414 - User favorites file not found: C:\Users\khanl/.stm32cubeide/favorites.boards.txt
2023-03-10 18:37:11,875 [INFO] DbBoards:190 - Set 0 / 0 favorites Boards
2023-03-10 18:37:11,875 [INFO] McuFinderGlobals:66 - Set McuFinderConnectedMode to true
2023-03-10 18:37:11,971 [INFO] MultiScanPanel:200 - Auto-refresh data requested => check proxy status ongoing
2023-03-10 18:37:11,981 [INFO] FinderPluginLoader:95 - Searching for filters in installed packs
2023-03-10 18:37:35,679 [ERROR] ServerAccessManage:1172 - Problem during Server Connection :  IO error Connection timed out: connect
2023-03-10 18:37:35,679 [ERROR] ServerAccessManage:651 - Problem during Server Connection :  : .
2023-03-10 18:37:35,679 [INFO] LoadUrlFilesThread:185 - End of LoadServerUrlFiles without Thread
2023-03-10 18:37:35,679 [WARN] DetailPanel:346 - Failed to get advertising image, set to default
2023-03-10 18:38:02,259 [INFO] McuResultTable:1387 - Mark MCU STM32F103C8T6 as favorite
2023-03-10 18:43:08,929 [INFO] McuFinderGlobals:66 - Set McuFinderConnectedMode to true
2023-03-10 18:43:08,941 [INFO] ApiDb:448 - Save user favorites file C:\Users\khanl/.stm32cubeide/favorites.mcus.txt: 1 item(s)
2023-03-10 18:43:08,941 [INFO] ApiDb:452 - User favorites MCUs=[STM32F103C8T6]
